<html>
<head>
<title>TestNG:  SanityTest</title>
<link href="../testng.css" rel="stylesheet" type="text/css" />
<link href="../my-testng.css" rel="stylesheet" type="text/css" />

<style type="text/css">
.log { display: none;} 
.stack-trace { display: none;} 
</style>
<script type="text/javascript">
<!--
function flip(e) {
  current = e.style.display;
  if (current == 'block') {
    e.style.display = 'none';
    return 0;
  }
  else {
    e.style.display = 'block';
    return 1;
  }
}

function toggleBox(szDivId, elem, msg1, msg2)
{
  var res = -1;  if (document.getElementById) {
    res = flip(document.getElementById(szDivId));
  }
  else if (document.all) {
    // this is the way old msie versions work
    res = flip(document.all[szDivId]);
  }
  if(elem) {
    if(res == 0) elem.innerHTML = msg1; else elem.innerHTML = msg2;
  }

}

function toggleAllBoxes() {
  if (document.getElementsByTagName) {
    d = document.getElementsByTagName('div');
    for (i = 0; i < d.length; i++) {
      if (d[i].className == 'log') {
        flip(d[i]);
      }
    }
  }
}

// -->
</script>

</head>
<body>
<h2 align='center'>SanityTest</h2><table border='1' align="center">
<tr>
<td>Tests passed/Failed/Skipped:</td><td>26/3/8</td>
</tr><tr>
<td>Started on:</td><td>Wed Jan 25 11:24:16 IST 2023</td>
</tr>
<tr><td>Total time:</td><td>0 seconds (154 ms)</td>
</tr><tr>
<td>Included groups:</td><td></td>
</tr><tr>
<td>Excluded groups:</td><td></td>
</tr>
</table><p/>
<small><i>(Hover the method name to see the test class name)</i></small><p/>
<table width='100%' border='1' class='invocation-failed'>
<tr><td colspan='4' align='center'><b>FAILED TESTS</b></td></tr>
<tr><td><b>Test method</b></td>
<td><b>Attribute(s)</b></td>
<td width="30%"><b>Exception</b></td>
<td width="10%"><b>Time (seconds)</b></td>
<td><b>Instance</b></td>
</tr>
<tr>
<td title='com.telus.testannaotation.BankingApplHardDepe4.loginUser()'><b>loginUser</b><br>Test class: com.telus.testannaotation.BankingApplHardDepe4</td>
<td><div><pre>java.lang.AssertionError: Invalid Login expected [Login] but found [ Not Login]
	at com.telus.testannaotation.BankingApplHardDepe4.loginUser(BankingApplHardDepe4.java:23)
	at java.base/java.util.ArrayList.forEach(ArrayList.java:1541)
... Removed 32 stack frames</pre></div><a href='#' onClick='toggleBox("stack-trace748842359", this, "Click to show all stack frames", "Click to hide stack frames")'>Click to show all stack frames</a>
<div class='stack-trace' id='stack-trace748842359'><pre>java.lang.AssertionError: Invalid Login expected [Login] but found [ Not Login]
	at org.testng.Assert.fail(Assert.java:110)
	at org.testng.Assert.failNotEquals(Assert.java:1413)
	at org.testng.Assert.assertEqualsImpl(Assert.java:149)
	at org.testng.Assert.assertEquals(Assert.java:131)
	at org.testng.Assert.assertEquals(Assert.java:655)
	at com.telus.testannaotation.BankingApplHardDepe4.loginUser(BankingApplHardDepe4.java:23)
	at java.base/jdk.internal.reflect.NativeMethodAccessorImpl.invoke0(Native Method)
	at java.base/jdk.internal.reflect.NativeMethodAccessorImpl.invoke(NativeMethodAccessorImpl.java:62)
	at java.base/jdk.internal.reflect.DelegatingMethodAccessorImpl.invoke(DelegatingMethodAccessorImpl.java:43)
	at java.base/java.lang.reflect.Method.invoke(Method.java:566)
	at org.testng.internal.invokers.MethodInvocationHelper.invokeMethod(MethodInvocationHelper.java:139)
	at org.testng.internal.invokers.TestInvoker.invokeMethod(TestInvoker.java:677)
	at org.testng.internal.invokers.TestInvoker.invokeTestMethod(TestInvoker.java:221)
	at org.testng.internal.invokers.MethodRunner.runInSequence(MethodRunner.java:50)
	at org.testng.internal.invokers.TestInvoker$MethodInvocationAgent.invoke(TestInvoker.java:962)
	at org.testng.internal.invokers.TestInvoker.invokeTestMethods(TestInvoker.java:194)
	at org.testng.internal.invokers.TestMethodWorker.invokeTestMethods(TestMethodWorker.java:148)
	at org.testng.internal.invokers.TestMethodWorker.run(TestMethodWorker.java:128)
	at java.base/java.util.ArrayList.forEach(ArrayList.java:1541)
	at org.testng.TestRunner.privateRun(TestRunner.java:806)
	at org.testng.TestRunner.run(TestRunner.java:601)
	at org.testng.SuiteRunner.runTest(SuiteRunner.java:433)
	at org.testng.SuiteRunner.runSequentially(SuiteRunner.java:427)
	at org.testng.SuiteRunner.privateRun(SuiteRunner.java:387)
	at org.testng.SuiteRunner.run(SuiteRunner.java:330)
	at org.testng.SuiteRunnerWorker.runSuite(SuiteRunnerWorker.java:52)
	at org.testng.SuiteRunnerWorker.run(SuiteRunnerWorker.java:95)
	at org.testng.TestNG.runSuitesSequentially(TestNG.java:1256)
	at org.testng.TestNG.runSuitesLocally(TestNG.java:1176)
	at org.testng.TestNG.runSuites(TestNG.java:1099)
	at org.testng.TestNG.run(TestNG.java:1067)
	at org.testng.remote.AbstractRemoteTestNG.run(AbstractRemoteTestNG.java:115)
	at org.testng.remote.RemoteTestNG.initAndRun(RemoteTestNG.java:251)
	at org.testng.remote.RemoteTestNG.main(RemoteTestNG.java:77)
</pre></div></td>
<td>0</td>
<td>com.telus.testannaotation.BankingApplHardDepe4@59505b48</td></tr>
<tr>
<td title='com.telus.testannaotation.BankingApplDepeOnMultipuleMethods6.checkCurrentAccountBalnce()'><b>checkCurrentAccountBalnce</b><br>Test class: com.telus.testannaotation.BankingApplDepeOnMultipuleMethods6</td>
<td><div><pre>java.lang.AssertionError: Current AccountBalnce is not equal expected [Current Account Balnce] but found [NotCurrent Account Balnce]
	at com.telus.testannaotation.BankingApplDepeOnMultipuleMethods6.checkCurrentAccountBalnce(BankingApplDepeOnMultipuleMethods6.java:39)
	at java.base/java.util.ArrayList.forEach(ArrayList.java:1541)
... Removed 32 stack frames</pre></div><a href='#' onClick='toggleBox("stack-trace504582810", this, "Click to show all stack frames", "Click to hide stack frames")'>Click to show all stack frames</a>
<div class='stack-trace' id='stack-trace504582810'><pre>java.lang.AssertionError: Current AccountBalnce is not equal expected [Current Account Balnce] but found [NotCurrent Account Balnce]
	at org.testng.Assert.fail(Assert.java:110)
	at org.testng.Assert.failNotEquals(Assert.java:1413)
	at org.testng.Assert.assertEqualsImpl(Assert.java:149)
	at org.testng.Assert.assertEquals(Assert.java:131)
	at org.testng.Assert.assertEquals(Assert.java:655)
	at com.telus.testannaotation.BankingApplDepeOnMultipuleMethods6.checkCurrentAccountBalnce(BankingApplDepeOnMultipuleMethods6.java:39)
	at java.base/jdk.internal.reflect.NativeMethodAccessorImpl.invoke0(Native Method)
	at java.base/jdk.internal.reflect.NativeMethodAccessorImpl.invoke(NativeMethodAccessorImpl.java:62)
	at java.base/jdk.internal.reflect.DelegatingMethodAccessorImpl.invoke(DelegatingMethodAccessorImpl.java:43)
	at java.base/java.lang.reflect.Method.invoke(Method.java:566)
	at org.testng.internal.invokers.MethodInvocationHelper.invokeMethod(MethodInvocationHelper.java:139)
	at org.testng.internal.invokers.TestInvoker.invokeMethod(TestInvoker.java:677)
	at org.testng.internal.invokers.TestInvoker.invokeTestMethod(TestInvoker.java:221)
	at org.testng.internal.invokers.MethodRunner.runInSequence(MethodRunner.java:50)
	at org.testng.internal.invokers.TestInvoker$MethodInvocationAgent.invoke(TestInvoker.java:962)
	at org.testng.internal.invokers.TestInvoker.invokeTestMethods(TestInvoker.java:194)
	at org.testng.internal.invokers.TestMethodWorker.invokeTestMethods(TestMethodWorker.java:148)
	at org.testng.internal.invokers.TestMethodWorker.run(TestMethodWorker.java:128)
	at java.base/java.util.ArrayList.forEach(ArrayList.java:1541)
	at org.testng.TestRunner.privateRun(TestRunner.java:806)
	at org.testng.TestRunner.run(TestRunner.java:601)
	at org.testng.SuiteRunner.runTest(SuiteRunner.java:433)
	at org.testng.SuiteRunner.runSequentially(SuiteRunner.java:427)
	at org.testng.SuiteRunner.privateRun(SuiteRunner.java:387)
	at org.testng.SuiteRunner.run(SuiteRunner.java:330)
	at org.testng.SuiteRunnerWorker.runSuite(SuiteRunnerWorker.java:52)
	at org.testng.SuiteRunnerWorker.run(SuiteRunnerWorker.java:95)
	at org.testng.TestNG.runSuitesSequentially(TestNG.java:1256)
	at org.testng.TestNG.runSuitesLocally(TestNG.java:1176)
	at org.testng.TestNG.runSuites(TestNG.java:1099)
	at org.testng.TestNG.run(TestNG.java:1067)
	at org.testng.remote.AbstractRemoteTestNG.run(AbstractRemoteTestNG.java:115)
	at org.testng.remote.RemoteTestNG.initAndRun(RemoteTestNG.java:251)
	at org.testng.remote.RemoteTestNG.main(RemoteTestNG.java:77)
</pre></div></td>
<td>0</td>
<td>com.telus.testannaotation.BankingApplDepeOnMultipuleMethods6@6bd61f98</td></tr>
<tr>
<td title='com.telus.testannaotation.BankingApplSoftDepe5.checkSavingAccountBalnce()'><b>checkSavingAccountBalnce</b><br>Test class: com.telus.testannaotation.BankingApplSoftDepe5</td>
<td><div><pre>java.lang.AssertionError: Saving AccountBalnce is not equal expected [Saving Account Balnce] but found [Not Saving Account Balnce]
	at com.telus.testannaotation.BankingApplSoftDepe5.checkSavingAccountBalnce(BankingApplSoftDepe5.java:29)
	at java.base/java.util.ArrayList.forEach(ArrayList.java:1541)
... Removed 32 stack frames</pre></div><a href='#' onClick='toggleBox("stack-trace1200470358", this, "Click to show all stack frames", "Click to hide stack frames")'>Click to show all stack frames</a>
<div class='stack-trace' id='stack-trace1200470358'><pre>java.lang.AssertionError: Saving AccountBalnce is not equal expected [Saving Account Balnce] but found [Not Saving Account Balnce]
	at org.testng.Assert.fail(Assert.java:110)
	at org.testng.Assert.failNotEquals(Assert.java:1413)
	at org.testng.Assert.assertEqualsImpl(Assert.java:149)
	at org.testng.Assert.assertEquals(Assert.java:131)
	at org.testng.Assert.assertEquals(Assert.java:655)
	at com.telus.testannaotation.BankingApplSoftDepe5.checkSavingAccountBalnce(BankingApplSoftDepe5.java:29)
	at java.base/jdk.internal.reflect.NativeMethodAccessorImpl.invoke0(Native Method)
	at java.base/jdk.internal.reflect.NativeMethodAccessorImpl.invoke(NativeMethodAccessorImpl.java:62)
	at java.base/jdk.internal.reflect.DelegatingMethodAccessorImpl.invoke(DelegatingMethodAccessorImpl.java:43)
	at java.base/java.lang.reflect.Method.invoke(Method.java:566)
	at org.testng.internal.invokers.MethodInvocationHelper.invokeMethod(MethodInvocationHelper.java:139)
	at org.testng.internal.invokers.TestInvoker.invokeMethod(TestInvoker.java:677)
	at org.testng.internal.invokers.TestInvoker.invokeTestMethod(TestInvoker.java:221)
	at org.testng.internal.invokers.MethodRunner.runInSequence(MethodRunner.java:50)
	at org.testng.internal.invokers.TestInvoker$MethodInvocationAgent.invoke(TestInvoker.java:962)
	at org.testng.internal.invokers.TestInvoker.invokeTestMethods(TestInvoker.java:194)
	at org.testng.internal.invokers.TestMethodWorker.invokeTestMethods(TestMethodWorker.java:148)
	at org.testng.internal.invokers.TestMethodWorker.run(TestMethodWorker.java:128)
	at java.base/java.util.ArrayList.forEach(ArrayList.java:1541)
	at org.testng.TestRunner.privateRun(TestRunner.java:806)
	at org.testng.TestRunner.run(TestRunner.java:601)
	at org.testng.SuiteRunner.runTest(SuiteRunner.java:433)
	at org.testng.SuiteRunner.runSequentially(SuiteRunner.java:427)
	at org.testng.SuiteRunner.privateRun(SuiteRunner.java:387)
	at org.testng.SuiteRunner.run(SuiteRunner.java:330)
	at org.testng.SuiteRunnerWorker.runSuite(SuiteRunnerWorker.java:52)
	at org.testng.SuiteRunnerWorker.run(SuiteRunnerWorker.java:95)
	at org.testng.TestNG.runSuitesSequentially(TestNG.java:1256)
	at org.testng.TestNG.runSuitesLocally(TestNG.java:1176)
	at org.testng.TestNG.runSuites(TestNG.java:1099)
	at org.testng.TestNG.run(TestNG.java:1067)
	at org.testng.remote.AbstractRemoteTestNG.run(AbstractRemoteTestNG.java:115)
	at org.testng.remote.RemoteTestNG.initAndRun(RemoteTestNG.java:251)
	at org.testng.remote.RemoteTestNG.main(RemoteTestNG.java:77)
</pre></div></td>
<td>0</td>
<td>com.telus.testannaotation.BankingApplSoftDepe5@4efac082</td></tr>
</table><p>
<table width='100%' border='1' class='invocation-passed'>
<tr><td colspan='4' align='center'><b>PASSED TESTS</b></td></tr>
<tr><td><b>Test method</b></td>
<td><b>Attribute(s)</b></td>
<td width="30%"><b>Exception</b></td>
<td width="10%"><b>Time (seconds)</b></td>
<td><b>Instance</b></td>
</tr>
<tr>
<td title='com.telus.testannaotation.BankingApplHardDepe4.launchApplication()'><b>launchApplication</b><br>Test class: com.telus.testannaotation.BankingApplHardDepe4</td>
<td></td>
<td>0</td>
<td>com.telus.testannaotation.BankingApplHardDepe4@59505b48</td></tr>
<tr>
<td title='com.telus.methodandclass.ScreenNavigationMethod7.navigateToWebTable()'><b>navigateToWebTable</b><br>Test class: com.telus.methodandclass.ScreenNavigationMethod7</td>
<td></td>
<td>0</td>
<td>com.telus.methodandclass.ScreenNavigationMethod7@506ae4d4</td></tr>
<tr>
<td title='com.telus.testannaotation.RegisterDemo2.closeApplication()'><b>closeApplication</b><br>Test class: com.telus.testannaotation.RegisterDemo2</td>
<td></td>
<td>0</td>
<td>com.telus.testannaotation.RegisterDemo2@71a8adcf</td></tr>
<tr>
<td title='com.telus.methodandclass.ScreenNavigationClass8.navigateToMultipuleWindows()'><b>navigateToMultipuleWindows</b><br>Test class: com.telus.methodandclass.ScreenNavigationClass8</td>
<td></td>
<td>0</td>
<td>com.telus.methodandclass.ScreenNavigationClass8@63376bed</td></tr>
<tr>
<td title='com.telus.testannaotation.BankingApplDepeOnMultipuleMethods6.launchApplication()'><b>launchApplication</b><br>Test class: com.telus.testannaotation.BankingApplDepeOnMultipuleMethods6</td>
<td></td>
<td>0</td>
<td>com.telus.testannaotation.BankingApplDepeOnMultipuleMethods6@6bd61f98</td></tr>
<tr>
<td title='com.telus.methodandclass.ScreenNavigationClass8.navigateToWebTable()'><b>navigateToWebTable</b><br>Test class: com.telus.methodandclass.ScreenNavigationClass8</td>
<td></td>
<td>0</td>
<td>com.telus.methodandclass.ScreenNavigationClass8@63376bed</td></tr>
<tr>
<td title='com.telus.testannaotation.BankingApplAssertValidation3.launchApplication()'><b>launchApplication</b><br>Test class: com.telus.testannaotation.BankingApplAssertValidation3</td>
<td></td>
<td>0</td>
<td>com.telus.testannaotation.BankingApplAssertValidation3@d9345cd</td></tr>
<tr>
<td title='com.telus.testannaotation.RegisterDemo2.launchApplication()'><b>launchApplication</b><br>Test class: com.telus.testannaotation.RegisterDemo2</td>
<td></td>
<td>0</td>
<td>com.telus.testannaotation.RegisterDemo2@71a8adcf</td></tr>
<tr>
<td title='com.telus.testannaotation.BankingApplAssertValidation3.loggOff()'><b>loggOff</b><br>Test class: com.telus.testannaotation.BankingApplAssertValidation3</td>
<td></td>
<td>0</td>
<td>com.telus.testannaotation.BankingApplAssertValidation3@d9345cd</td></tr>
<tr>
<td title='com.telus.testannaotation.BankingApplSoftDepe5.loginUser()'><b>loginUser</b><br>Test class: com.telus.testannaotation.BankingApplSoftDepe5</td>
<td></td>
<td>0</td>
<td>com.telus.testannaotation.BankingApplSoftDepe5@4efac082</td></tr>
<tr>
<td title='com.telus.testannaotation.RegisterDemo2.valideSuccessfulMsg()'><b>valideSuccessfulMsg</b><br>Test class: com.telus.testannaotation.RegisterDemo2</td>
<td></td>
<td>0</td>
<td>com.telus.testannaotation.RegisterDemo2@71a8adcf</td></tr>
<tr>
<td title='com.telus.testannaotation.BankingApplAssertValidation3.loginUser()'><b>loginUser</b><br>Test class: com.telus.testannaotation.BankingApplAssertValidation3</td>
<td></td>
<td>0</td>
<td>com.telus.testannaotation.BankingApplAssertValidation3@d9345cd</td></tr>
<tr>
<td title='com.telus.testannaotation.RegisterDemo2.navigateToRegisterForm()'><b>navigateToRegisterForm</b><br>Test class: com.telus.testannaotation.RegisterDemo2</td>
<td></td>
<td>0</td>
<td>com.telus.testannaotation.RegisterDemo2@71a8adcf</td></tr>
<tr>
<td title='com.telus.testannaotation.BankingApplDepeOnMultipuleMethods6.checkSavingAccountBalnce()'><b>checkSavingAccountBalnce</b><br>Test class: com.telus.testannaotation.BankingApplDepeOnMultipuleMethods6</td>
<td></td>
<td>0</td>
<td>com.telus.testannaotation.BankingApplDepeOnMultipuleMethods6@6bd61f98</td></tr>
<tr>
<td title='com.telus.testannaotation.BankingApplAssertValidation3.checkSavingAccountBalnce()'><b>checkSavingAccountBalnce</b><br>Test class: com.telus.testannaotation.BankingApplAssertValidation3</td>
<td></td>
<td>0</td>
<td>com.telus.testannaotation.BankingApplAssertValidation3@d9345cd</td></tr>
<tr>
<td title='com.telus.testannaotation.RegisterDemo2.registerForDemo()'><b>registerForDemo</b><br>Test class: com.telus.testannaotation.RegisterDemo2</td>
<td></td>
<td>0</td>
<td>com.telus.testannaotation.RegisterDemo2@71a8adcf</td></tr>
<tr>
<td title='com.telus.methodandclass.ScreenNavigationMethod7.navigateToAlertPopUp()'><b>navigateToAlertPopUp</b><br>Test class: com.telus.methodandclass.ScreenNavigationMethod7</td>
<td></td>
<td>0</td>
<td>com.telus.methodandclass.ScreenNavigationMethod7@506ae4d4</td></tr>
<tr>
<td title='com.telus.methodandclass.ScreenNavigationMethod7.navigateToMultipuleWindows()'><b>navigateToMultipuleWindows</b><br>Test class: com.telus.methodandclass.ScreenNavigationMethod7</td>
<td></td>
<td>0</td>
<td>com.telus.methodandclass.ScreenNavigationMethod7@506ae4d4</td></tr>
<tr>
<td title='com.telus.testannaotation.BankingApplDepeOnMultipuleMethods6.closeApplication()'><b>closeApplication</b><br>Test class: com.telus.testannaotation.BankingApplDepeOnMultipuleMethods6</td>
<td></td>
<td>0</td>
<td>com.telus.testannaotation.BankingApplDepeOnMultipuleMethods6@6bd61f98</td></tr>
<tr>
<td title='com.telus.testannaotation.BankingApplSoftDepe5.closeApplication()'><b>closeApplication</b><br>Test class: com.telus.testannaotation.BankingApplSoftDepe5</td>
<td></td>
<td>0</td>
<td>com.telus.testannaotation.BankingApplSoftDepe5@4efac082</td></tr>
<tr>
<td title='com.telus.testannaotation.BankingApplDepeOnMultipuleMethods6.loginUser()'><b>loginUser</b><br>Test class: com.telus.testannaotation.BankingApplDepeOnMultipuleMethods6</td>
<td></td>
<td>0</td>
<td>com.telus.testannaotation.BankingApplDepeOnMultipuleMethods6@6bd61f98</td></tr>
<tr>
<td title='com.telus.methodandclass.ScreenNavigationMethod7.navigateToRegisterForm()'><b>navigateToRegisterForm</b><br>Test class: com.telus.methodandclass.ScreenNavigationMethod7</td>
<td></td>
<td>0</td>
<td>com.telus.methodandclass.ScreenNavigationMethod7@506ae4d4</td></tr>
<tr>
<td title='com.telus.methodandclass.ScreenNavigationClass8.navigateToAlertPopUp()'><b>navigateToAlertPopUp</b><br>Test class: com.telus.methodandclass.ScreenNavigationClass8</td>
<td></td>
<td>0</td>
<td>com.telus.methodandclass.ScreenNavigationClass8@63376bed</td></tr>
<tr>
<td title='com.telus.testannaotation.BankingApplAssertValidation3.closeApplication()'><b>closeApplication</b><br>Test class: com.telus.testannaotation.BankingApplAssertValidation3</td>
<td></td>
<td>0</td>
<td>com.telus.testannaotation.BankingApplAssertValidation3@d9345cd</td></tr>
<tr>
<td title='com.telus.methodandclass.ScreenNavigationClass8.navigateToRegisterForm()'><b>navigateToRegisterForm</b><br>Test class: com.telus.methodandclass.ScreenNavigationClass8</td>
<td></td>
<td>0</td>
<td>com.telus.methodandclass.ScreenNavigationClass8@63376bed</td></tr>
<tr>
<td title='com.telus.testannaotation.BankingApplSoftDepe5.launchApplication()'><b>launchApplication</b><br>Test class: com.telus.testannaotation.BankingApplSoftDepe5</td>
<td></td>
<td>0</td>
<td>com.telus.testannaotation.BankingApplSoftDepe5@4efac082</td></tr>
</table><p>
<table width='100%' border='1' class='invocation-skipped'>
<tr><td colspan='4' align='center'><b>SKIPPED TESTS</b></td></tr>
<tr><td><b>Test method</b></td>
<td><b>Attribute(s)</b></td>
<td width="30%"><b>Exception</b></td>
<td width="10%"><b>Time (seconds)</b></td>
<td><b>Instance</b></td>
</tr>
<tr>
<td title='com.telus.testannaotation.BankingApplHardDepe4.loggOff()'><b>loggOff</b><br>Test class: com.telus.testannaotation.BankingApplHardDepe4</td>
<td><div><pre>java.lang.Throwable: Method com.telus.testannaotation.BankingApplHardDepe4.loggOff() on instance com.telus.testannaotation.BankingApplHardDepe4@59505b48 depends on not successfully finished methods 
[com.telus.testannaotation.BankingApplHardDepe4.checkCurrentAccountBalnce() on instance com.telus.testannaotation.BankingApplHardDepe4@59505b48]
	at java.base/java.util.ArrayList.forEach(ArrayList.java:1541)
... Removed 18 stack frames</pre></div><a href='#' onClick='toggleBox("stack-trace2112233878", this, "Click to show all stack frames", "Click to hide stack frames")'>Click to show all stack frames</a>
<div class='stack-trace' id='stack-trace2112233878'><pre>java.lang.Throwable: Method com.telus.testannaotation.BankingApplHardDepe4.loggOff() on instance com.telus.testannaotation.BankingApplHardDepe4@59505b48 depends on not successfully finished methods 
[com.telus.testannaotation.BankingApplHardDepe4.checkCurrentAccountBalnce() on instance com.telus.testannaotation.BankingApplHardDepe4@59505b48]
	at org.testng.internal.invokers.TestInvoker.invokeTestMethods(TestInvoker.java:150)
	at org.testng.internal.invokers.TestMethodWorker.invokeTestMethods(TestMethodWorker.java:148)
	at org.testng.internal.invokers.TestMethodWorker.run(TestMethodWorker.java:128)
	at java.base/java.util.ArrayList.forEach(ArrayList.java:1541)
	at org.testng.TestRunner.privateRun(TestRunner.java:806)
	at org.testng.TestRunner.run(TestRunner.java:601)
	at org.testng.SuiteRunner.runTest(SuiteRunner.java:433)
	at org.testng.SuiteRunner.runSequentially(SuiteRunner.java:427)
	at org.testng.SuiteRunner.privateRun(SuiteRunner.java:387)
	at org.testng.SuiteRunner.run(SuiteRunner.java:330)
	at org.testng.SuiteRunnerWorker.runSuite(SuiteRunnerWorker.java:52)
	at org.testng.SuiteRunnerWorker.run(SuiteRunnerWorker.java:95)
	at org.testng.TestNG.runSuitesSequentially(TestNG.java:1256)
	at org.testng.TestNG.runSuitesLocally(TestNG.java:1176)
	at org.testng.TestNG.runSuites(TestNG.java:1099)
	at org.testng.TestNG.run(TestNG.java:1067)
	at org.testng.remote.AbstractRemoteTestNG.run(AbstractRemoteTestNG.java:115)
	at org.testng.remote.RemoteTestNG.initAndRun(RemoteTestNG.java:251)
	at org.testng.remote.RemoteTestNG.main(RemoteTestNG.java:77)
</pre></div></td>
<td>0</td>
<td>com.telus.testannaotation.BankingApplHardDepe4@59505b48</td></tr>
<tr>
<td title='com.telus.testannaotation.BankingApplSoftDepe5.checkCurrentAccountBalnce()'><b>checkCurrentAccountBalnce</b><br>Test class: com.telus.testannaotation.BankingApplSoftDepe5</td>
<td><div><pre>java.lang.Throwable: Method com.telus.testannaotation.BankingApplSoftDepe5.checkCurrentAccountBalnce() on instance com.telus.testannaotation.BankingApplSoftDepe5@4efac082 depends on not successfully finished methods 
[com.telus.testannaotation.BankingApplSoftDepe5.checkSavingAccountBalnce() on instance com.telus.testannaotation.BankingApplSoftDepe5@4efac082]
	at java.base/java.util.ArrayList.forEach(ArrayList.java:1541)
... Removed 18 stack frames</pre></div><a href='#' onClick='toggleBox("stack-trace208043846", this, "Click to show all stack frames", "Click to hide stack frames")'>Click to show all stack frames</a>
<div class='stack-trace' id='stack-trace208043846'><pre>java.lang.Throwable: Method com.telus.testannaotation.BankingApplSoftDepe5.checkCurrentAccountBalnce() on instance com.telus.testannaotation.BankingApplSoftDepe5@4efac082 depends on not successfully finished methods 
[com.telus.testannaotation.BankingApplSoftDepe5.checkSavingAccountBalnce() on instance com.telus.testannaotation.BankingApplSoftDepe5@4efac082]
	at org.testng.internal.invokers.TestInvoker.invokeTestMethods(TestInvoker.java:150)
	at org.testng.internal.invokers.TestMethodWorker.invokeTestMethods(TestMethodWorker.java:148)
	at org.testng.internal.invokers.TestMethodWorker.run(TestMethodWorker.java:128)
	at java.base/java.util.ArrayList.forEach(ArrayList.java:1541)
	at org.testng.TestRunner.privateRun(TestRunner.java:806)
	at org.testng.TestRunner.run(TestRunner.java:601)
	at org.testng.SuiteRunner.runTest(SuiteRunner.java:433)
	at org.testng.SuiteRunner.runSequentially(SuiteRunner.java:427)
	at org.testng.SuiteRunner.privateRun(SuiteRunner.java:387)
	at org.testng.SuiteRunner.run(SuiteRunner.java:330)
	at org.testng.SuiteRunnerWorker.runSuite(SuiteRunnerWorker.java:52)
	at org.testng.SuiteRunnerWorker.run(SuiteRunnerWorker.java:95)
	at org.testng.TestNG.runSuitesSequentially(TestNG.java:1256)
	at org.testng.TestNG.runSuitesLocally(TestNG.java:1176)
	at org.testng.TestNG.runSuites(TestNG.java:1099)
	at org.testng.TestNG.run(TestNG.java:1067)
	at org.testng.remote.AbstractRemoteTestNG.run(AbstractRemoteTestNG.java:115)
	at org.testng.remote.RemoteTestNG.initAndRun(RemoteTestNG.java:251)
	at org.testng.remote.RemoteTestNG.main(RemoteTestNG.java:77)
</pre></div></td>
<td>0</td>
<td>com.telus.testannaotation.BankingApplSoftDepe5@4efac082</td></tr>
<tr>
<td title='com.telus.testannaotation.BankingApplHardDepe4.closeApplication()'><b>closeApplication</b><br>Test class: com.telus.testannaotation.BankingApplHardDepe4</td>
<td><div><pre>java.lang.Throwable: Method com.telus.testannaotation.BankingApplHardDepe4.closeApplication() on instance com.telus.testannaotation.BankingApplHardDepe4@59505b48 depends on not successfully finished methods 
[com.telus.testannaotation.BankingApplHardDepe4.loggOff() on instance com.telus.testannaotation.BankingApplHardDepe4@59505b48]
	at java.base/java.util.ArrayList.forEach(ArrayList.java:1541)
... Removed 18 stack frames</pre></div><a href='#' onClick='toggleBox("stack-trace1371495133", this, "Click to show all stack frames", "Click to hide stack frames")'>Click to show all stack frames</a>
<div class='stack-trace' id='stack-trace1371495133'><pre>java.lang.Throwable: Method com.telus.testannaotation.BankingApplHardDepe4.closeApplication() on instance com.telus.testannaotation.BankingApplHardDepe4@59505b48 depends on not successfully finished methods 
[com.telus.testannaotation.BankingApplHardDepe4.loggOff() on instance com.telus.testannaotation.BankingApplHardDepe4@59505b48]
	at org.testng.internal.invokers.TestInvoker.invokeTestMethods(TestInvoker.java:150)
	at org.testng.internal.invokers.TestMethodWorker.invokeTestMethods(TestMethodWorker.java:148)
	at org.testng.internal.invokers.TestMethodWorker.run(TestMethodWorker.java:128)
	at java.base/java.util.ArrayList.forEach(ArrayList.java:1541)
	at org.testng.TestRunner.privateRun(TestRunner.java:806)
	at org.testng.TestRunner.run(TestRunner.java:601)
	at org.testng.SuiteRunner.runTest(SuiteRunner.java:433)
	at org.testng.SuiteRunner.runSequentially(SuiteRunner.java:427)
	at org.testng.SuiteRunner.privateRun(SuiteRunner.java:387)
	at org.testng.SuiteRunner.run(SuiteRunner.java:330)
	at org.testng.SuiteRunnerWorker.runSuite(SuiteRunnerWorker.java:52)
	at org.testng.SuiteRunnerWorker.run(SuiteRunnerWorker.java:95)
	at org.testng.TestNG.runSuitesSequentially(TestNG.java:1256)
	at org.testng.TestNG.runSuitesLocally(TestNG.java:1176)
	at org.testng.TestNG.runSuites(TestNG.java:1099)
	at org.testng.TestNG.run(TestNG.java:1067)
	at org.testng.remote.AbstractRemoteTestNG.run(AbstractRemoteTestNG.java:115)
	at org.testng.remote.RemoteTestNG.initAndRun(RemoteTestNG.java:251)
	at org.testng.remote.RemoteTestNG.main(RemoteTestNG.java:77)
</pre></div></td>
<td>0</td>
<td>com.telus.testannaotation.BankingApplHardDepe4@59505b48</td></tr>
<tr>
<td title='com.telus.testannaotation.BankingApplHardDepe4.checkSavingAccountBalnce()'><b>checkSavingAccountBalnce</b><br>Test class: com.telus.testannaotation.BankingApplHardDepe4</td>
<td><div><pre>java.lang.Throwable: Method com.telus.testannaotation.BankingApplHardDepe4.checkSavingAccountBalnce() on instance com.telus.testannaotation.BankingApplHardDepe4@59505b48 depends on not successfully finished methods 
[com.telus.testannaotation.BankingApplHardDepe4.loginUser() on instance com.telus.testannaotation.BankingApplHardDepe4@59505b48]
	at java.base/java.util.ArrayList.forEach(ArrayList.java:1541)
... Removed 18 stack frames</pre></div><a href='#' onClick='toggleBox("stack-trace333392524", this, "Click to show all stack frames", "Click to hide stack frames")'>Click to show all stack frames</a>
<div class='stack-trace' id='stack-trace333392524'><pre>java.lang.Throwable: Method com.telus.testannaotation.BankingApplHardDepe4.checkSavingAccountBalnce() on instance com.telus.testannaotation.BankingApplHardDepe4@59505b48 depends on not successfully finished methods 
[com.telus.testannaotation.BankingApplHardDepe4.loginUser() on instance com.telus.testannaotation.BankingApplHardDepe4@59505b48]
	at org.testng.internal.invokers.TestInvoker.invokeTestMethods(TestInvoker.java:150)
	at org.testng.internal.invokers.TestMethodWorker.invokeTestMethods(TestMethodWorker.java:148)
	at org.testng.internal.invokers.TestMethodWorker.run(TestMethodWorker.java:128)
	at java.base/java.util.ArrayList.forEach(ArrayList.java:1541)
	at org.testng.TestRunner.privateRun(TestRunner.java:806)
	at org.testng.TestRunner.run(TestRunner.java:601)
	at org.testng.SuiteRunner.runTest(SuiteRunner.java:433)
	at org.testng.SuiteRunner.runSequentially(SuiteRunner.java:427)
	at org.testng.SuiteRunner.privateRun(SuiteRunner.java:387)
	at org.testng.SuiteRunner.run(SuiteRunner.java:330)
	at org.testng.SuiteRunnerWorker.runSuite(SuiteRunnerWorker.java:52)
	at org.testng.SuiteRunnerWorker.run(SuiteRunnerWorker.java:95)
	at org.testng.TestNG.runSuitesSequentially(TestNG.java:1256)
	at org.testng.TestNG.runSuitesLocally(TestNG.java:1176)
	at org.testng.TestNG.runSuites(TestNG.java:1099)
	at org.testng.TestNG.run(TestNG.java:1067)
	at org.testng.remote.AbstractRemoteTestNG.run(AbstractRemoteTestNG.java:115)
	at org.testng.remote.RemoteTestNG.initAndRun(RemoteTestNG.java:251)
	at org.testng.remote.RemoteTestNG.main(RemoteTestNG.java:77)
</pre></div></td>
<td>0</td>
<td>com.telus.testannaotation.BankingApplHardDepe4@59505b48</td></tr>
<tr>
<td title='com.telus.testannaotation.BankingApplSoftDepe5.loggOff()'><b>loggOff</b><br>Test class: com.telus.testannaotation.BankingApplSoftDepe5</td>
<td><div><pre>java.lang.Throwable: Method com.telus.testannaotation.BankingApplSoftDepe5.loggOff() on instance com.telus.testannaotation.BankingApplSoftDepe5@4efac082 depends on not successfully finished methods 
[com.telus.testannaotation.BankingApplSoftDepe5.checkCurrentAccountBalnce() on instance com.telus.testannaotation.BankingApplSoftDepe5@4efac082]
	at java.base/java.util.ArrayList.forEach(ArrayList.java:1541)
... Removed 18 stack frames</pre></div><a href='#' onClick='toggleBox("stack-trace2068897588", this, "Click to show all stack frames", "Click to hide stack frames")'>Click to show all stack frames</a>
<div class='stack-trace' id='stack-trace2068897588'><pre>java.lang.Throwable: Method com.telus.testannaotation.BankingApplSoftDepe5.loggOff() on instance com.telus.testannaotation.BankingApplSoftDepe5@4efac082 depends on not successfully finished methods 
[com.telus.testannaotation.BankingApplSoftDepe5.checkCurrentAccountBalnce() on instance com.telus.testannaotation.BankingApplSoftDepe5@4efac082]
	at org.testng.internal.invokers.TestInvoker.invokeTestMethods(TestInvoker.java:150)
	at org.testng.internal.invokers.TestMethodWorker.invokeTestMethods(TestMethodWorker.java:148)
	at org.testng.internal.invokers.TestMethodWorker.run(TestMethodWorker.java:128)
	at java.base/java.util.ArrayList.forEach(ArrayList.java:1541)
	at org.testng.TestRunner.privateRun(TestRunner.java:806)
	at org.testng.TestRunner.run(TestRunner.java:601)
	at org.testng.SuiteRunner.runTest(SuiteRunner.java:433)
	at org.testng.SuiteRunner.runSequentially(SuiteRunner.java:427)
	at org.testng.SuiteRunner.privateRun(SuiteRunner.java:387)
	at org.testng.SuiteRunner.run(SuiteRunner.java:330)
	at org.testng.SuiteRunnerWorker.runSuite(SuiteRunnerWorker.java:52)
	at org.testng.SuiteRunnerWorker.run(SuiteRunnerWorker.java:95)
	at org.testng.TestNG.runSuitesSequentially(TestNG.java:1256)
	at org.testng.TestNG.runSuitesLocally(TestNG.java:1176)
	at org.testng.TestNG.runSuites(TestNG.java:1099)
	at org.testng.TestNG.run(TestNG.java:1067)
	at org.testng.remote.AbstractRemoteTestNG.run(AbstractRemoteTestNG.java:115)
	at org.testng.remote.RemoteTestNG.initAndRun(RemoteTestNG.java:251)
	at org.testng.remote.RemoteTestNG.main(RemoteTestNG.java:77)
</pre></div></td>
<td>0</td>
<td>com.telus.testannaotation.BankingApplSoftDepe5@4efac082</td></tr>
<tr>
<td title='com.telus.testannaotation.BankingApplDepeOnMultipuleMethods6.loggOff()'><b>loggOff</b><br>Test class: com.telus.testannaotation.BankingApplDepeOnMultipuleMethods6</td>
<td><div><pre>java.lang.Throwable: Method com.telus.testannaotation.BankingApplDepeOnMultipuleMethods6.loggOff() on instance com.telus.testannaotation.BankingApplDepeOnMultipuleMethods6@6bd61f98 depends on not successfully finished methods 
[com.telus.testannaotation.BankingApplDepeOnMultipuleMethods6.checkCurrentAccountBalnce() on instance com.telus.testannaotation.BankingApplDepeOnMultipuleMethods6@6bd61f98]
	at java.base/java.util.ArrayList.forEach(ArrayList.java:1541)
... Removed 18 stack frames</pre></div><a href='#' onClick='toggleBox("stack-trace1160649162", this, "Click to show all stack frames", "Click to hide stack frames")'>Click to show all stack frames</a>
<div class='stack-trace' id='stack-trace1160649162'><pre>java.lang.Throwable: Method com.telus.testannaotation.BankingApplDepeOnMultipuleMethods6.loggOff() on instance com.telus.testannaotation.BankingApplDepeOnMultipuleMethods6@6bd61f98 depends on not successfully finished methods 
[com.telus.testannaotation.BankingApplDepeOnMultipuleMethods6.checkCurrentAccountBalnce() on instance com.telus.testannaotation.BankingApplDepeOnMultipuleMethods6@6bd61f98]
	at org.testng.internal.invokers.TestInvoker.invokeTestMethods(TestInvoker.java:150)
	at org.testng.internal.invokers.TestMethodWorker.invokeTestMethods(TestMethodWorker.java:148)
	at org.testng.internal.invokers.TestMethodWorker.run(TestMethodWorker.java:128)
	at java.base/java.util.ArrayList.forEach(ArrayList.java:1541)
	at org.testng.TestRunner.privateRun(TestRunner.java:806)
	at org.testng.TestRunner.run(TestRunner.java:601)
	at org.testng.SuiteRunner.runTest(SuiteRunner.java:433)
	at org.testng.SuiteRunner.runSequentially(SuiteRunner.java:427)
	at org.testng.SuiteRunner.privateRun(SuiteRunner.java:387)
	at org.testng.SuiteRunner.run(SuiteRunner.java:330)
	at org.testng.SuiteRunnerWorker.runSuite(SuiteRunnerWorker.java:52)
	at org.testng.SuiteRunnerWorker.run(SuiteRunnerWorker.java:95)
	at org.testng.TestNG.runSuitesSequentially(TestNG.java:1256)
	at org.testng.TestNG.runSuitesLocally(TestNG.java:1176)
	at org.testng.TestNG.runSuites(TestNG.java:1099)
	at org.testng.TestNG.run(TestNG.java:1067)
	at org.testng.remote.AbstractRemoteTestNG.run(AbstractRemoteTestNG.java:115)
	at org.testng.remote.RemoteTestNG.initAndRun(RemoteTestNG.java:251)
	at org.testng.remote.RemoteTestNG.main(RemoteTestNG.java:77)
</pre></div></td>
<td>0</td>
<td>com.telus.testannaotation.BankingApplDepeOnMultipuleMethods6@6bd61f98</td></tr>
<tr>
<td title='com.telus.testannaotation.BankingApplHardDepe4.checkCurrentAccountBalnce()'><b>checkCurrentAccountBalnce</b><br>Test class: com.telus.testannaotation.BankingApplHardDepe4</td>
<td><div><pre>java.lang.Throwable: Method com.telus.testannaotation.BankingApplHardDepe4.checkCurrentAccountBalnce() on instance com.telus.testannaotation.BankingApplHardDepe4@59505b48 depends on not successfully finished methods 
[com.telus.testannaotation.BankingApplHardDepe4.checkSavingAccountBalnce() on instance com.telus.testannaotation.BankingApplHardDepe4@59505b48]
	at java.base/java.util.ArrayList.forEach(ArrayList.java:1541)
... Removed 18 stack frames</pre></div><a href='#' onClick='toggleBox("stack-trace1926673338", this, "Click to show all stack frames", "Click to hide stack frames")'>Click to show all stack frames</a>
<div class='stack-trace' id='stack-trace1926673338'><pre>java.lang.Throwable: Method com.telus.testannaotation.BankingApplHardDepe4.checkCurrentAccountBalnce() on instance com.telus.testannaotation.BankingApplHardDepe4@59505b48 depends on not successfully finished methods 
[com.telus.testannaotation.BankingApplHardDepe4.checkSavingAccountBalnce() on instance com.telus.testannaotation.BankingApplHardDepe4@59505b48]
	at org.testng.internal.invokers.TestInvoker.invokeTestMethods(TestInvoker.java:150)
	at org.testng.internal.invokers.TestMethodWorker.invokeTestMethods(TestMethodWorker.java:148)
	at org.testng.internal.invokers.TestMethodWorker.run(TestMethodWorker.java:128)
	at java.base/java.util.ArrayList.forEach(ArrayList.java:1541)
	at org.testng.TestRunner.privateRun(TestRunner.java:806)
	at org.testng.TestRunner.run(TestRunner.java:601)
	at org.testng.SuiteRunner.runTest(SuiteRunner.java:433)
	at org.testng.SuiteRunner.runSequentially(SuiteRunner.java:427)
	at org.testng.SuiteRunner.privateRun(SuiteRunner.java:387)
	at org.testng.SuiteRunner.run(SuiteRunner.java:330)
	at org.testng.SuiteRunnerWorker.runSuite(SuiteRunnerWorker.java:52)
	at org.testng.SuiteRunnerWorker.run(SuiteRunnerWorker.java:95)
	at org.testng.TestNG.runSuitesSequentially(TestNG.java:1256)
	at org.testng.TestNG.runSuitesLocally(TestNG.java:1176)
	at org.testng.TestNG.runSuites(TestNG.java:1099)
	at org.testng.TestNG.run(TestNG.java:1067)
	at org.testng.remote.AbstractRemoteTestNG.run(AbstractRemoteTestNG.java:115)
	at org.testng.remote.RemoteTestNG.initAndRun(RemoteTestNG.java:251)
	at org.testng.remote.RemoteTestNG.main(RemoteTestNG.java:77)
</pre></div></td>
<td>0</td>
<td>com.telus.testannaotation.BankingApplHardDepe4@59505b48</td></tr>
<tr>
<td title='com.telus.testannaotation.BankingApplDepeOnMultipuleMethods6.tallyAccountBallance()'><b>tallyAccountBallance</b><br>Test class: com.telus.testannaotation.BankingApplDepeOnMultipuleMethods6</td>
<td><div><pre>java.lang.Throwable: Method com.telus.testannaotation.BankingApplDepeOnMultipuleMethods6.tallyAccountBallance() on instance com.telus.testannaotation.BankingApplDepeOnMultipuleMethods6@6bd61f98 depends on not successfully finished methods 
[com.telus.testannaotation.BankingApplDepeOnMultipuleMethods6.checkSavingAccountBalnce() on instance com.telus.testannaotation.BankingApplDepeOnMultipuleMethods6@6bd61f98
com.telus.testannaotation.BankingApplDepeOnMultipuleMethods6.checkCurrentAccountBalnce() on instance com.telus.testannaotation.BankingApplDepeOnMultipuleMethods6@6bd61f98]
	at java.base/java.util.ArrayList.forEach(ArrayList.java:1541)
... Removed 18 stack frames</pre></div><a href='#' onClick='toggleBox("stack-trace1023268896", this, "Click to show all stack frames", "Click to hide stack frames")'>Click to show all stack frames</a>
<div class='stack-trace' id='stack-trace1023268896'><pre>java.lang.Throwable: Method com.telus.testannaotation.BankingApplDepeOnMultipuleMethods6.tallyAccountBallance() on instance com.telus.testannaotation.BankingApplDepeOnMultipuleMethods6@6bd61f98 depends on not successfully finished methods 
[com.telus.testannaotation.BankingApplDepeOnMultipuleMethods6.checkSavingAccountBalnce() on instance com.telus.testannaotation.BankingApplDepeOnMultipuleMethods6@6bd61f98
com.telus.testannaotation.BankingApplDepeOnMultipuleMethods6.checkCurrentAccountBalnce() on instance com.telus.testannaotation.BankingApplDepeOnMultipuleMethods6@6bd61f98]
	at org.testng.internal.invokers.TestInvoker.invokeTestMethods(TestInvoker.java:150)
	at org.testng.internal.invokers.TestMethodWorker.invokeTestMethods(TestMethodWorker.java:148)
	at org.testng.internal.invokers.TestMethodWorker.run(TestMethodWorker.java:128)
	at java.base/java.util.ArrayList.forEach(ArrayList.java:1541)
	at org.testng.TestRunner.privateRun(TestRunner.java:806)
	at org.testng.TestRunner.run(TestRunner.java:601)
	at org.testng.SuiteRunner.runTest(SuiteRunner.java:433)
	at org.testng.SuiteRunner.runSequentially(SuiteRunner.java:427)
	at org.testng.SuiteRunner.privateRun(SuiteRunner.java:387)
	at org.testng.SuiteRunner.run(SuiteRunner.java:330)
	at org.testng.SuiteRunnerWorker.runSuite(SuiteRunnerWorker.java:52)
	at org.testng.SuiteRunnerWorker.run(SuiteRunnerWorker.java:95)
	at org.testng.TestNG.runSuitesSequentially(TestNG.java:1256)
	at org.testng.TestNG.runSuitesLocally(TestNG.java:1176)
	at org.testng.TestNG.runSuites(TestNG.java:1099)
	at org.testng.TestNG.run(TestNG.java:1067)
	at org.testng.remote.AbstractRemoteTestNG.run(AbstractRemoteTestNG.java:115)
	at org.testng.remote.RemoteTestNG.initAndRun(RemoteTestNG.java:251)
	at org.testng.remote.RemoteTestNG.main(RemoteTestNG.java:77)
</pre></div></td>
<td>0</td>
<td>com.telus.testannaotation.BankingApplDepeOnMultipuleMethods6@6bd61f98</td></tr>
</table><p>
</body>
</html>