<?xml version="1.0" encoding="UTF-8"?>
<!-- Generated by org.testng.reporters.JUnitXMLReporter -->
<testsuite ignored="2" hostname="BA-000288998" failures="2" tests="17" name="SanityTest(failed)" time="0.093" errors="0" timestamp="2023-01-25T11:25:29 IST">
  <testcase classname="com.telus.testannaotation.BankingApplDepeOnMultipuleMethods6" name="launchApplication" time="0.008"/>
  <testcase classname="com.telus.testannaotation.BankingApplDepeOnMultipuleMethods6" name="loginUser" time="0.001"/>
  <testcase classname="com.telus.testannaotation.BankingApplDepeOnMultipuleMethods6" name="checkSavingAccountBalnce" time="0.001"/>
  <testcase classname="com.telus.testannaotation.BankingApplDepeOnMultipuleMethods6" name="checkCurrentAccountBalnce" time="0.001"/>
  <testcase classname="com.telus.testannaotation.BankingApplDepeOnMultipuleMethods6" name="loggOff" time="0.001"/>
  <testcase classname="com.telus.testannaotation.BankingApplDepeOnMultipuleMethods6" name="tallyAccountBallance" time="0.0"/>
  <testcase classname="com.telus.testannaotation.BankingApplSoftDepe5" name="launchApplication" time="0.001"/>
  <testcase classname="com.telus.testannaotation.BankingApplSoftDepe5" name="loginUser" time="0.001"/>
  <testcase classname="com.telus.testannaotation.BankingApplSoftDepe5" name="checkSavingAccountBalnce" time="0.01">
    <failure type="java.lang.AssertionError" message="Saving AccountBalnce is not equal expected [Saving Account Balnce] but found [Not Saving Account Balnce]">
      <![CDATA[java.lang.AssertionError: Saving AccountBalnce is not equal expected [Saving Account Balnce] but found [Not Saving Account Balnce]
at com.telus.testannaotation.BankingApplSoftDepe5.checkSavingAccountBalnce(BankingApplSoftDepe5.java:29)
at java.base/java.util.ArrayList.forEach(ArrayList.java:1541)
... Removed 32 stack frames]]>
    </failure>
  </testcase> <!-- checkSavingAccountBalnce -->
  <testcase classname="com.telus.testannaotation.BankingApplSoftDepe5" name="checkCurrentAccountBalnce" time="0.0">
    <skipped/>
  </testcase> <!-- checkCurrentAccountBalnce -->
  <testcase classname="com.telus.testannaotation.BankingApplSoftDepe5" name="loggOff" time="0.0">
    <skipped/>
  </testcase> <!-- loggOff -->
  <testcase classname="com.telus.testannaotation.BankingApplHardDepe4" name="launchApplication" time="0.001"/>
  <testcase classname="com.telus.testannaotation.BankingApplHardDepe4" name="loginUser" time="0.001">
    <failure type="java.lang.AssertionError" message="Invalid Login expected [Login] but found [ Not Login]">
      <![CDATA[java.lang.AssertionError: Invalid Login expected [Login] but found [ Not Login]
at com.telus.testannaotation.BankingApplHardDepe4.loginUser(BankingApplHardDepe4.java:23)
at java.base/java.util.ArrayList.forEach(ArrayList.java:1541)
... Removed 32 stack frames]]>
    </failure>
  </testcase> <!-- loginUser -->
  <testcase classname="com.telus.testannaotation.BankingApplHardDepe4" name="checkSavingAccountBalnce" time="0.0">
    <skipped/>
  </testcase> <!-- checkSavingAccountBalnce -->
  <testcase classname="com.telus.testannaotation.BankingApplHardDepe4" name="checkCurrentAccountBalnce" time="0.0">
    <skipped/>
  </testcase> <!-- checkCurrentAccountBalnce -->
  <testcase classname="com.telus.testannaotation.BankingApplHardDepe4" name="loggOff" time="0.0">
    <skipped/>
  </testcase> <!-- loggOff -->
  <testcase classname="com.telus.testannaotation.BankingApplHardDepe4" name="closeApplication" time="0.0">
    <skipped/>
  </testcase> <!-- closeApplication -->
  <testcase classname="com.telus.testannaotation.BankingApplSoftDepe5" name="closeApplication" time="0.0">
    <ignored/>
  </testcase> <!-- closeApplication -->
  <testcase classname="com.telus.testannaotation.BankingApplDepeOnMultipuleMethods6" name="closeApplication" time="0.0">
    <ignored/>
  </testcase> <!-- closeApplication -->
</testsuite> <!-- SanityTest(failed) -->
